<?xml version="1.0" encoding="UTF-8" ?>
<Module>
  <ModulePrefs
    title="Wei-Hwa's Puzzles"
    description="Regular Puzzle Challenges from a Google Engineer"
    author="Wei-Hwa Huang and others"
    author_email="weihwa.feedback+ig20080523@gmail.com"
    author_link="{{server_urls.server_url}}"
    title_url="{{server_urls.server_url}}"
    author_location="Mountain View, CA, USA"
    height="400"
    author_affiliation="Google, Inc."
    screenshot="{{server_urls.server_url}}images/screenshot.png"
    thumbnail="{{server_urls.server_url}}images/thumbnail.png"
    >
    <Require feature='setprefs'/>
  </ModulePrefs>
  <UserPref
      name="puzzle_data_20080523"
      default_value=""
      datatype="hidden"/>
  <UserPref
      name="user_id"
      default_value=""
      datatype="hidden"/>
  <UserPref
      name="autosave"
      default_value=""
      datatype="hidden"/>
  <Content type="html">

<![CDATA[

<style> 
body,td,a,p,.h{font-family:arial,sans-serif;}
</style>

<script type="text/javascript" src="{{server_urls.server_url}}js/general-lib.js"></script>
<!--
<script type="text/javascript" src="{{server_urls.server_url}}js/puzzle-utils6.js"></script>
<script type="text/javascript" src="{{server_urls.server_url}}js/json2.js"></script>
-->

<script type="text/javascript">
<!-- Javascript begins

  // Copyright 2006 Google, Inc.
  // Author: Wei-Hwa Huang

  ///////////////////////////////////////////////

  function redirectHTTPpost(form_id, action_string, url, postdata, submit) {
    var form = addElement(_gel(form_id), "form");
    form.method = "POST";
    form.action = url;
    //form.style.visibility = "hidden";
    form.onSubmit = function() { return false };
    for (var i = 1; i < postdata.length; i+= 2) {
      addElement(form, 'input', [
        'type', 'hidden',
        'name', postdata[i-1],
        'value', postdata[i],
      ]);
    }
    addElement(form, 'input', [
      'type', 'submit',
      'value', action_string,
    ]);
    if (submit)
      form.submit();
  }


  ///////////////////////////////////////////////

  var pref_controller;

  _IG_RegisterOnloadHandler(start);

  function start() {
    var whpemail = '';
    var whpnick = '';
    var view = '';
    var my_args = document.URL.split('?')[1].split('&');
    for (var i=0; i<my_args.length; ++i) {
      var nvpair = my_args[i].split('='); 
      if (nvpair[0] == 'whpemail') whpemail = nvpair[1];
      if (nvpair[0] == 'whpnick') whpnick = nvpair[1];
      if (nvpair[0] == 'view') view = nvpair[1];
    }
    dprint('Cookies: ' + document.cookie);
    if (whpemail == '') {
      redirectHTTPpost('login', 'Log In', '{{server_urls.server_url}}puzzlelogin', ['url', document.URL], false);
    } else {
      dprint('I think your e-mail is ' + whpemail);
      dprint('I think your nickname is ' + whpnick);
      redirectHTTPpost('logout', 'Log Out', '{{server_urls.server_url}}puzzlelogout', [], false);
    }

//    _gel('userid_ui').appendChild(_UserID_getUI());
//    _UserID_getName();
  }
  
  function dprint(s) {
    _gel("debug1").innerHTML += "DEBUG " + s + "<BR>";
  }

//////////////////////////

// Javascript ends -->
</script>

<font size=-1>

<span id="userid_ui"></span>

<HR>

<span id="debug1" style="font-size:8pt;font-weight:bold"></span>

<HR>

<span id="login"></span>
<span id="logout"></span>


</FONT>

  ]]> 

  </Content>
</Module>

